# JRE version: OpenJDK Runtime Environment (11.0.12+7) (build 11.0.12+7-b1504.28-7817840)
# Java VM: OpenJDK 64-Bit Server VM (11.0.12+7-b1504.28-7817840, mixed mode, tiered, compressed oops, g1 gc, windows-amd64)
Heap:
 garbage-first heap   total 139264K, used 105082K [0x0000000080000000, 0x0000000100000000)
  region size 1024K, 13 young (13312K), 2 survivors (2048K)
 Metaspace       used 111516K, capacity 114726K, committed 115244K, reserved 1148928K
  class space    used 14613K, capacity 15852K, committed 16000K, reserved 1048576K
GC Heap History (20 events):
Event: 71.178 GC heap before
{Heap before GC invocations=50 (full 0):
 garbage-first heap   total 139264K, used 97195K [0x0000000080000000, 0x0000000100000000)
  region size 1024K, 6 young (6144K), 3 survivors (3072K)
 Metaspace       used 99910K, capacity 102667K, committed 102828K, reserved 1138688K
  class space    used 12936K, capacity 13985K, committed 14080K, reserved 1048576K
}
Event: 71.189 GC heap after
{Heap after GC invocations=51 (full 0):
 garbage-first heap   total 139264K, used 86564K [0x0000000080000000, 0x0000000100000000)
  region size 1024K, 1 young (1024K), 1 survivors (1024K)
 Metaspace       used 99910K, capacity 102667K, committed 102828K, reserved 1138688K
  class space    used 12936K, capacity 13985K, committed 14080K, reserved 1048576K
}
Event: 71.917 GC heap before
{Heap before GC invocations=51 (full 0):
 garbage-first heap   total 139264K, used 111140K [0x0000000080000000, 0x0000000100000000)
  region size 1024K, 25 young (25600K), 1 survivors (1024K)
 Metaspace       used 100155K, capacity 102938K, committed 103084K, reserved 1138688K
  class space    used 12947K, capacity 14004K, committed 14080K, reserved 1048576K
}
Event: 71.926 GC heap after
{Heap after GC invocations=52 (full 0):
 garbage-first heap   total 139264K, used 88859K [0x0000000080000000, 0x0000000100000000)
  region size 1024K, 4 young (4096K), 4 survivors (4096K)
 Metaspace       used 100155K, capacity 102938K, committed 103084K, reserved 1138688K
  class space    used 12947K, capacity 14004K, committed 14080K, reserved 1048576K
}
Event: 73.394 GC heap before
{Heap before GC invocations=53 (full 0):
 garbage-first heap   total 139264K, used 111387K [0x0000000080000000, 0x0000000100000000)
  region size 1024K, 27 young (27648K), 4 survivors (4096K)
 Metaspace       used 104079K, capacity 107193K, committed 107436K, reserved 1142784K
  class space    used 13586K, capacity 14774K, committed 14848K, reserved 1048576K
}
Event: 73.401 GC heap after
{Heap after GC invocations=54 (full 0):
 garbage-first heap   total 139264K, used 91058K [0x0000000080000000, 0x0000000100000000)
  region size 1024K, 3 young (3072K), 3 survivors (3072K)
 Metaspace       used 104079K, capacity 107193K, committed 107436K, reserved 1142784K
  class space    used 13586K, capacity 14774K, committed 14848K, reserved 1048576K
}
Event: 73.525 GC heap before
{Heap before GC invocations=54 (full 0):
 garbage-first heap   total 139264K, used 93106K [0x0000000080000000, 0x0000000100000000)
  region size 1024K, 6 young (6144K), 3 survivors (3072K)
 Metaspace       used 104336K, capacity 107453K, committed 107692K, reserved 1142784K
  class space    used 13628K, capacity 14814K, committed 14848K, reserved 1048576K
}
Event: 73.532 GC heap after
{Heap after GC invocations=55 (full 0):
 garbage-first heap   total 139264K, used 84041K [0x0000000080000000, 0x0000000100000000)
  region size 1024K, 1 young (1024K), 1 survivors (1024K)
 Metaspace       used 104336K, capacity 107453K, committed 107692K, reserved 1142784K
  class space    used 13628K, capacity 14814K, committed 14848K, reserved 1048576K
}
Event: 74.570 GC heap before
{Heap before GC invocations=55 (full 0):
 garbage-first heap   total 139264K, used 109641K [0x0000000080000000, 0x0000000100000000)
  region size 1024K, 27 young (27648K), 1 survivors (1024K)
 Metaspace       used 106800K, capacity 109981K, committed 110252K, reserved 1144832K
  class space    used 14099K, capacity 15292K, committed 15360K, reserved 1048576K
}
Event: 74.575 GC heap after
{Heap after GC invocations=56 (full 0):
 garbage-first heap   total 139264K, used 84653K [0x0000000080000000, 0x0000000100000000)
  region size 1024K, 2 young (2048K), 2 survivors (2048K)
 Metaspace       used 106800K, capacity 109981K, committed 110252K, reserved 1144832K
  class space    used 14099K, capacity 15292K, committed 15360K, reserved 1048576K
}
Event: 75.264 GC heap before
{Heap before GC invocations=56 (full 0):
 garbage-first heap   total 139264K, used 112301K [0x0000000080000000, 0x0000000100000000)
  region size 1024K, 29 young (29696K), 2 survivors (2048K)
 Metaspace       used 108782K, capacity 111965K, committed 112044K, reserved 1146880K
  class space    used 14359K, capacity 15548K, committed 15616K, reserved 1048576K
}
Event: 75.268 GC heap after
{Heap after GC invocations=57 (full 0):
 garbage-first heap   total 139264K, used 85001K [0x0000000080000000, 0x0000000100000000)
  region size 1024K, 2 young (2048K), 2 survivors (2048K)
 Metaspace       used 108782K, capacity 111965K, committed 112044K, reserved 1146880K
  class space    used 14359K, capacity 15548K, committed 15616K, reserved 1048576K
}
Event: 76.454 GC heap before
{Heap before GC invocations=57 (full 0):
 garbage-first heap   total 139264K, used 119817K [0x0000000080000000, 0x0000000100000000)
  region size 1024K, 30 young (30720K), 2 survivors (2048K)
 Metaspace       used 111127K, capacity 114358K, committed 114604K, reserved 1148928K
  class space    used 14632K, capacity 15865K, committed 15872K, reserved 1048576K
}
Event: 76.462 GC heap after
{Heap after GC invocations=58 (full 0):
 garbage-first heap   total 139264K, used 96029K [0x0000000080000000, 0x0000000100000000)
  region size 1024K, 4 young (4096K), 4 survivors (4096K)
 Metaspace       used 111127K, capacity 114358K, committed 114604K, reserved 1148928K
  class space    used 14632K, capacity 15865K, committed 15872K, reserved 1048576K
}
Event: 127.671 GC heap before
{Heap before GC invocations=59 (full 0):
 garbage-first heap   total 139264K, used 129821K [0x0000000080000000, 0x0000000100000000)
  region size 1024K, 26 young (26624K), 4 survivors (4096K)
 Metaspace       used 111172K, capacity 114369K, committed 114988K, reserved 1148928K
  class space    used 14591K, capacity 15813K, committed 16000K, reserved 1048576K
}
Event: 127.819 GC heap after
{Heap after GC invocations=60 (full 0):
 garbage-first heap   total 139264K, used 89785K [0x0000000080000000, 0x0000000100000000)
  region size 1024K, 3 young (3072K), 3 survivors (3072K)
 Metaspace       used 111172K, capacity 114369K, committed 114988K, reserved 1148928K
  class space    used 14591K, capacity 15813K, committed 16000K, reserved 1048576K
}
Event: 128.951 GC heap before
{Heap before GC invocations=60 (full 0):
 garbage-first heap   total 139264K, used 112313K [0x0000000080000000, 0x0000000100000000)
  region size 1024K, 26 young (26624K), 3 survivors (3072K)
 Metaspace       used 111381K, capacity 114651K, committed 115244K, reserved 1148928K
  class space    used 14600K, capacity 15828K, committed 16000K, reserved 1048576K
}
Event: 128.967 GC heap after
{Heap after GC invocations=61 (full 0):
 garbage-first heap   total 139264K, used 93127K [0x0000000080000000, 0x0000000100000000)
  region size 1024K, 4 young (4096K), 4 survivors (4096K)
 Metaspace       used 111381K, capacity 114651K, committed 115244K, reserved 1148928K
  class space    used 14600K, capacity 15828K, committed 16000K, reserved 1048576K
}
Event: 165.215 GC heap before
{Heap before GC invocations=61 (full 0):
 garbage-first heap   total 139264K, used 114631K [0x0000000080000000, 0x0000000100000000)
  region size 1024K, 26 young (26624K), 4 survivors (4096K)
 Metaspace       used 111502K, capacity 114726K, committed 115244K, reserved 1148928K
  class space    used 14613K, capacity 15852K, committed 16000K, reserved 1048576K
}
Event: 166.227 GC heap after
{Heap after GC invocations=62 (full 0):
 garbage-first heap   total 139264K, used 94842K [0x0000000080000000, 0x0000000100000000)
  region size 1024K, 2 young (2048K), 2 survivors (2048K)
 Metaspace       used 111502K, capacity 114726K, committed 115244K, reserved 1148928K
  class space    used 14613K, capacity 15852K, committed 16000K, reserved 1048576K
}

