# JRE version: OpenJDK Runtime Environment (11.0.12+7) (build 11.0.12+7-b1504.28-7817840)
# Java VM: OpenJDK 64-Bit Server VM (11.0.12+7-b1504.28-7817840, mixed mode, tiered, compressed oops, g1 gc, windows-amd64)
Heap:
 garbage-first heap   total 167936K, used 119230K [0x0000000080000000, 0x0000000100000000)
  region size 1024K, 31 young (31744K), 1 survivors (1024K)
 Metaspace       used 110943K, capacity 114023K, committed 114296K, reserved 1148928K
  class space    used 14552K, capacity 15734K, committed 15820K, reserved 1048576K
GC Heap History (20 events):
Event: 28.461 GC heap before
{Heap before GC invocations=37 (full 0):
 garbage-first heap   total 167936K, used 122996K [0x0000000080000000, 0x0000000100000000)
  region size 1024K, 37 young (37888K), 3 survivors (3072K)
 Metaspace       used 101438K, capacity 104254K, committed 104568K, reserved 1138688K
  class space    used 13345K, capacity 14416K, committed 14540K, reserved 1048576K
}
Event: 28.469 GC heap after
{Heap after GC invocations=38 (full 0):
 garbage-first heap   total 167936K, used 90602K [0x0000000080000000, 0x0000000100000000)
  region size 1024K, 3 young (3072K), 3 survivors (3072K)
 Metaspace       used 101438K, capacity 104254K, committed 104568K, reserved 1138688K
  class space    used 13345K, capacity 14416K, committed 14540K, reserved 1048576K
}
Event: 28.565 GC heap before
{Heap before GC invocations=38 (full 0):
 garbage-first heap   total 167936K, used 94698K [0x0000000080000000, 0x0000000100000000)
  region size 1024K, 8 young (8192K), 3 survivors (3072K)
 Metaspace       used 101617K, capacity 104441K, committed 104568K, reserved 1138688K
  class space    used 13365K, capacity 14453K, committed 14540K, reserved 1048576K
}
Event: 28.571 GC heap after
{Heap after GC invocations=39 (full 0):
 garbage-first heap   total 167936K, used 88003K [0x0000000080000000, 0x0000000100000000)
  region size 1024K, 1 young (1024K), 1 survivors (1024K)
 Metaspace       used 101617K, capacity 104441K, committed 104568K, reserved 1138688K
  class space    used 13365K, capacity 14453K, committed 14540K, reserved 1048576K
}
Event: 29.739 GC heap before
{Heap before GC invocations=39 (full 0):
 garbage-first heap   total 167936K, used 123843K [0x0000000080000000, 0x0000000100000000)
  region size 1024K, 37 young (37888K), 1 survivors (1024K)
 Metaspace       used 104620K, capacity 107527K, committed 107640K, reserved 1142784K
  class space    used 13905K, capacity 14966K, committed 15052K, reserved 1048576K
}
Event: 29.747 GC heap after
{Heap after GC invocations=40 (full 0):
 garbage-first heap   total 167936K, used 89048K [0x0000000080000000, 0x0000000100000000)
  region size 1024K, 2 young (2048K), 2 survivors (2048K)
 Metaspace       used 104620K, capacity 107527K, committed 107640K, reserved 1142784K
  class space    used 13905K, capacity 14966K, committed 15052K, reserved 1048576K
}
Event: 31.657 GC heap before
{Heap before GC invocations=41 (full 0):
 garbage-first heap   total 167936K, used 124888K [0x0000000080000000, 0x0000000100000000)
  region size 1024K, 40 young (40960K), 2 survivors (2048K)
 Metaspace       used 107553K, capacity 110536K, committed 110840K, reserved 1144832K
  class space    used 14247K, capacity 15359K, committed 15436K, reserved 1048576K
}
Event: 31.665 GC heap after
{Heap after GC invocations=42 (full 0):
 garbage-first heap   total 167936K, used 89643K [0x0000000080000000, 0x0000000100000000)
  region size 1024K, 5 young (5120K), 5 survivors (5120K)
 Metaspace       used 107553K, capacity 110536K, committed 110840K, reserved 1144832K
  class space    used 14247K, capacity 15359K, committed 15436K, reserved 1048576K
}
Event: 31.794 GC heap before
{Heap before GC invocations=42 (full 0):
 garbage-first heap   total 167936K, used 92715K [0x0000000080000000, 0x0000000100000000)
  region size 1024K, 8 young (8192K), 5 survivors (5120K)
 Metaspace       used 107585K, capacity 110554K, committed 110840K, reserved 1144832K
  class space    used 14252K, capacity 15365K, committed 15436K, reserved 1048576K
}
Event: 31.833 GC heap after
{Heap after GC invocations=43 (full 0):
 garbage-first heap   total 167936K, used 89105K [0x0000000080000000, 0x0000000100000000)
  region size 1024K, 1 young (1024K), 1 survivors (1024K)
 Metaspace       used 107585K, capacity 110554K, committed 110840K, reserved 1144832K
  class space    used 14252K, capacity 15365K, committed 15436K, reserved 1048576K
}
Event: 32.366 GC heap before
{Heap before GC invocations=43 (full 0):
 garbage-first heap   total 167936K, used 94225K [0x0000000080000000, 0x0000000100000000)
  region size 1024K, 7 young (7168K), 1 survivors (1024K)
 Metaspace       used 108390K, capacity 111375K, committed 111480K, reserved 1144832K
  class space    used 14373K, capacity 15492K, committed 15564K, reserved 1048576K
}
Event: 32.372 GC heap after
{Heap after GC invocations=44 (full 0):
 garbage-first heap   total 167936K, used 89128K [0x0000000080000000, 0x0000000100000000)
  region size 1024K, 1 young (1024K), 1 survivors (1024K)
 Metaspace       used 108390K, capacity 111375K, committed 111480K, reserved 1144832K
  class space    used 14373K, capacity 15492K, committed 15564K, reserved 1048576K
}
Event: 165.581 GC heap before
{Heap before GC invocations=45 (full 0):
 garbage-first heap   total 167936K, used 150568K [0x0000000080000000, 0x0000000100000000)
  region size 1024K, 42 young (43008K), 1 survivors (1024K)
 Metaspace       used 109706K, capacity 112697K, committed 112888K, reserved 1146880K
  class space    used 14492K, capacity 15614K, committed 15692K, reserved 1048576K
}
Event: 165.620 GC heap after
{Heap after GC invocations=46 (full 0):
 garbage-first heap   total 167936K, used 92552K [0x0000000080000000, 0x0000000100000000)
  region size 1024K, 4 young (4096K), 4 survivors (4096K)
 Metaspace       used 109706K, capacity 112697K, committed 112888K, reserved 1146880K
  class space    used 14492K, capacity 15614K, committed 15692K, reserved 1048576K
}
Event: 264.200 GC heap before
{Heap before GC invocations=46 (full 0):
 garbage-first heap   total 167936K, used 132488K [0x0000000080000000, 0x0000000100000000)
  region size 1024K, 44 young (45056K), 4 survivors (4096K)
 Metaspace       used 110316K, capacity 113320K, committed 113400K, reserved 1146880K
  class space    used 14513K, capacity 15649K, committed 15692K, reserved 1048576K
}
Event: 264.287 GC heap after
{Heap after GC invocations=47 (full 0):
 garbage-first heap   total 167936K, used 91392K [0x0000000080000000, 0x0000000100000000)
  region size 1024K, 2 young (2048K), 2 survivors (2048K)
 Metaspace       used 110316K, capacity 113320K, committed 113400K, reserved 1146880K
  class space    used 14513K, capacity 15649K, committed 15692K, reserved 1048576K
}
Event: 265.765 GC heap before
{Heap before GC invocations=48 (full 0):
 garbage-first heap   total 167936K, used 133376K [0x0000000080000000, 0x0000000100000000)
  region size 1024K, 44 young (45056K), 2 survivors (2048K)
 Metaspace       used 110664K, capacity 113728K, committed 113912K, reserved 1146880K
  class space    used 14522K, capacity 15665K, committed 15692K, reserved 1048576K
}
Event: 265.782 GC heap after
{Heap after GC invocations=49 (full 0):
 garbage-first heap   total 167936K, used 95482K [0x0000000080000000, 0x0000000100000000)
  region size 1024K, 6 young (6144K), 6 survivors (6144K)
 Metaspace       used 110664K, capacity 113728K, committed 113912K, reserved 1146880K
  class space    used 14522K, capacity 15665K, committed 15692K, reserved 1048576K
}
Event: 265.831 GC heap before
{Heap before GC invocations=49 (full 0):
 garbage-first heap   total 167936K, used 97530K [0x0000000080000000, 0x0000000100000000)
  region size 1024K, 8 young (8192K), 6 survivors (6144K)
 Metaspace       used 110687K, capacity 113758K, committed 113912K, reserved 1146880K
  class space    used 14527K, capacity 15674K, committed 15692K, reserved 1048576K
}
Event: 265.933 GC heap after
{Heap after GC invocations=50 (full 0):
 garbage-first heap   total 167936K, used 89534K [0x0000000080000000, 0x0000000100000000)
  region size 1024K, 1 young (1024K), 1 survivors (1024K)
 Metaspace       used 110687K, capacity 113758K, committed 113912K, reserved 1146880K
  class space    used 14527K, capacity 15674K, committed 15692K, reserved 1048576K
}

