# JRE version: OpenJDK Runtime Environment (11.0.12+7) (build 11.0.12+7-b1504.28-7817840)
# Java VM: OpenJDK 64-Bit Server VM (11.0.12+7-b1504.28-7817840, mixed mode, tiered, compressed oops, g1 gc, windows-amd64)
Heap:
 garbage-first heap   total 167936K, used 101178K [0x0000000080000000, 0x0000000100000000)
  region size 1024K, 29 young (29696K), 9 survivors (9216K)
 Metaspace       used 91331K, capacity 93888K, committed 94088K, reserved 1130496K
  class space    used 11960K, capacity 12903K, committed 13008K, reserved 1048576K
GC Heap History (20 events):
Event: 6.343 GC heap before
{Heap before GC invocations=14 (full 0):
 garbage-first heap   total 115712K, used 87157K [0x0000000080000000, 0x0000000100000000)
  region size 1024K, 53 young (54272K), 8 survivors (8192K)
 Metaspace       used 53641K, capacity 54977K, committed 55248K, reserved 1097728K
  class space    used 6862K, capacity 7350K, committed 7376K, reserved 1048576K
}
Event: 6.348 GC heap after
{Heap after GC invocations=15 (full 0):
 garbage-first heap   total 115712K, used 44602K [0x0000000080000000, 0x0000000100000000)
  region size 1024K, 4 young (4096K), 4 survivors (4096K)
 Metaspace       used 53641K, capacity 54977K, committed 55248K, reserved 1097728K
  class space    used 6862K, capacity 7350K, committed 7376K, reserved 1048576K
}
Event: 6.831 GC heap before
{Heap before GC invocations=15 (full 0):
 garbage-first heap   total 115712K, used 75322K [0x0000000080000000, 0x0000000100000000)
  region size 1024K, 35 young (35840K), 4 survivors (4096K)
 Metaspace       used 58697K, capacity 60198K, committed 60296K, reserved 1101824K
  class space    used 7503K, capacity 8107K, committed 8144K, reserved 1048576K
}
Event: 6.836 GC heap after
{Heap after GC invocations=16 (full 0):
 garbage-first heap   total 115712K, used 45909K [0x0000000080000000, 0x0000000100000000)
  region size 1024K, 2 young (2048K), 2 survivors (2048K)
 Metaspace       used 58697K, capacity 60198K, committed 60296K, reserved 1101824K
  class space    used 7503K, capacity 8107K, committed 8144K, reserved 1048576K
}
Event: 7.280 GC heap before
{Heap before GC invocations=17 (full 0):
 garbage-first heap   total 115712K, used 88917K [0x0000000080000000, 0x0000000100000000)
  region size 1024K, 45 young (46080K), 2 survivors (2048K)
 Metaspace       used 62971K, capacity 64423K, committed 64648K, reserved 1105920K
  class space    used 8007K, capacity 8549K, committed 8656K, reserved 1048576K
}
Event: 7.285 GC heap after
{Heap after GC invocations=18 (full 0):
 garbage-first heap   total 139264K, used 49759K [0x0000000080000000, 0x0000000100000000)
  region size 1024K, 6 young (6144K), 6 survivors (6144K)
 Metaspace       used 62971K, capacity 64423K, committed 64648K, reserved 1105920K
  class space    used 8007K, capacity 8549K, committed 8656K, reserved 1048576K
}
Event: 7.653 GC heap before
{Heap before GC invocations=18 (full 0):
 garbage-first heap   total 139264K, used 104031K [0x0000000080000000, 0x0000000100000000)
  region size 1024K, 58 young (59392K), 6 survivors (6144K)
 Metaspace       used 65183K, capacity 66832K, committed 67080K, reserved 1107968K
  class space    used 8327K, capacity 8960K, committed 9040K, reserved 1048576K
}
Event: 7.658 GC heap after
{Heap after GC invocations=19 (full 0):
 garbage-first heap   total 139264K, used 53575K [0x0000000080000000, 0x0000000100000000)
  region size 1024K, 8 young (8192K), 8 survivors (8192K)
 Metaspace       used 65183K, capacity 66832K, committed 67080K, reserved 1107968K
  class space    used 8327K, capacity 8960K, committed 9040K, reserved 1048576K
}
Event: 8.256 GC heap before
{Heap before GC invocations=19 (full 0):
 garbage-first heap   total 139264K, used 105799K [0x0000000080000000, 0x0000000100000000)
  region size 1024K, 59 young (60416K), 8 survivors (8192K)
 Metaspace       used 70643K, capacity 72250K, committed 72584K, reserved 1112064K
  class space    used 9203K, capacity 9818K, committed 9936K, reserved 1048576K
}
Event: 8.262 GC heap after
{Heap after GC invocations=20 (full 0):
 garbage-first heap   total 139264K, used 57211K [0x0000000080000000, 0x0000000100000000)
  region size 1024K, 8 young (8192K), 8 survivors (8192K)
 Metaspace       used 70643K, capacity 72250K, committed 72584K, reserved 1112064K
  class space    used 9203K, capacity 9818K, committed 9936K, reserved 1048576K
}
Event: 8.817 GC heap before
{Heap before GC invocations=20 (full 0):
 garbage-first heap   total 139264K, used 108411K [0x0000000080000000, 0x0000000100000000)
  region size 1024K, 58 young (59392K), 8 survivors (8192K)
 Metaspace       used 76261K, capacity 77912K, committed 78216K, reserved 1116160K
  class space    used 10019K, capacity 10637K, committed 10704K, reserved 1048576K
}
Event: 8.824 GC heap after
{Heap after GC invocations=21 (full 0):
 garbage-first heap   total 139264K, used 60236K [0x0000000080000000, 0x0000000100000000)
  region size 1024K, 7 young (7168K), 7 survivors (7168K)
 Metaspace       used 76261K, capacity 77912K, committed 78216K, reserved 1116160K
  class space    used 10019K, capacity 10637K, committed 10704K, reserved 1048576K
}
Event: 9.459 GC heap before
{Heap before GC invocations=21 (full 0):
 garbage-first heap   total 139264K, used 110412K [0x0000000080000000, 0x0000000100000000)
  region size 1024K, 56 young (57344K), 7 survivors (7168K)
 Metaspace       used 80370K, capacity 82394K, committed 82568K, reserved 1120256K
  class space    used 10609K, capacity 11357K, committed 11472K, reserved 1048576K
}
Event: 9.465 GC heap after
{Heap after GC invocations=22 (full 0):
 garbage-first heap   total 139264K, used 64015K [0x0000000080000000, 0x0000000100000000)
  region size 1024K, 7 young (7168K), 7 survivors (7168K)
 Metaspace       used 80370K, capacity 82394K, committed 82568K, reserved 1120256K
  class space    used 10609K, capacity 11357K, committed 11472K, reserved 1048576K
}
Event: 9.839 GC heap before
{Heap before GC invocations=22 (full 0):
 garbage-first heap   total 139264K, used 112143K [0x0000000080000000, 0x0000000100000000)
  region size 1024K, 55 young (56320K), 7 survivors (7168K)
 Metaspace       used 81353K, capacity 83603K, committed 83848K, reserved 1122304K
  class space    used 10779K, capacity 11633K, committed 11728K, reserved 1048576K
}
Event: 9.846 GC heap after
{Heap after GC invocations=23 (full 0):
 garbage-first heap   total 167936K, used 67675K [0x0000000080000000, 0x0000000100000000)
  region size 1024K, 4 young (4096K), 4 survivors (4096K)
 Metaspace       used 81353K, capacity 83603K, committed 83848K, reserved 1122304K
  class space    used 10779K, capacity 11633K, committed 11728K, reserved 1048576K
}
Event: 10.363 GC heap before
{Heap before GC invocations=23 (full 0):
 garbage-first heap   total 167936K, used 129115K [0x0000000080000000, 0x0000000100000000)
  region size 1024K, 65 young (66560K), 4 survivors (4096K)
 Metaspace       used 83318K, capacity 85662K, committed 85896K, reserved 1124352K
  class space    used 10953K, capacity 11867K, committed 11984K, reserved 1048576K
}
Event: 10.368 GC heap after
{Heap after GC invocations=24 (full 0):
 garbage-first heap   total 167936K, used 71401K [0x0000000080000000, 0x0000000100000000)
  region size 1024K, 8 young (8192K), 8 survivors (8192K)
 Metaspace       used 83318K, capacity 85662K, committed 85896K, reserved 1124352K
  class space    used 10953K, capacity 11867K, committed 11984K, reserved 1048576K
}
Event: 11.537 GC heap before
{Heap before GC invocations=24 (full 0):
 garbage-first heap   total 167936K, used 133865K [0x0000000080000000, 0x0000000100000000)
  region size 1024K, 68 young (69632K), 8 survivors (8192K)
 Metaspace       used 89959K, capacity 92441K, committed 92552K, reserved 1128448K
  class space    used 11798K, capacity 12719K, committed 12752K, reserved 1048576K
}
Event: 11.547 GC heap after
{Heap after GC invocations=25 (full 0):
 garbage-first heap   total 167936K, used 81722K [0x0000000080000000, 0x0000000100000000)
  region size 1024K, 9 young (9216K), 9 survivors (9216K)
 Metaspace       used 89959K, capacity 92441K, committed 92552K, reserved 1128448K
  class space    used 11798K, capacity 12719K, committed 12752K, reserved 1048576K
}

