# JRE version: OpenJDK Runtime Environment (11.0.12+7) (build 11.0.12+7-b1504.28-7817840)
# Java VM: OpenJDK 64-Bit Server VM (11.0.12+7-b1504.28-7817840, mixed mode, tiered, compressed oops, g1 gc, windows-amd64)
Heap:
 garbage-first heap   total 501760K, used 258240K [0x0000000080000000, 0x0000000100000000)
  region size 1024K, 8 young (8192K), 8 survivors (8192K)
 Metaspace       used 127707K, capacity 131320K, committed 131584K, reserved 1163264K
  class space    used 16280K, capacity 17638K, committed 17664K, reserved 1048576K
GC Heap History (20 events):
Event: 1085.925 GC heap after
{Heap after GC invocations=70 (full 0):
 garbage-first heap   total 271360K, used 152996K [0x0000000080000000, 0x0000000100000000)
  region size 1024K, 2 young (2048K), 2 survivors (2048K)
 Metaspace       used 110805K, capacity 113669K, committed 113792K, reserved 1148928K
  class space    used 13882K, capacity 14954K, committed 14976K, reserved 1048576K
}
Event: 1086.137 GC heap before
{Heap before GC invocations=70 (full 0):
 garbage-first heap   total 271360K, used 163236K [0x0000000080000000, 0x0000000100000000)
  region size 1024K, 13 young (13312K), 2 survivors (2048K)
 Metaspace       used 111744K, capacity 114596K, committed 114688K, reserved 1148928K
  class space    used 14003K, capacity 15091K, committed 15104K, reserved 1048576K
}
Event: 1086.143 GC heap after
{Heap after GC invocations=71 (full 0):
 garbage-first heap   total 271360K, used 137278K [0x0000000080000000, 0x0000000100000000)
  region size 1024K, 2 young (2048K), 2 survivors (2048K)
 Metaspace       used 111744K, capacity 114596K, committed 114688K, reserved 1148928K
  class space    used 14003K, capacity 15091K, committed 15104K, reserved 1048576K
}
Event: 1087.129 GC heap before
{Heap before GC invocations=71 (full 0):
 garbage-first heap   total 271360K, used 184382K [0x0000000080000000, 0x0000000100000000)
  region size 1024K, 49 young (50176K), 2 survivors (2048K)
 Metaspace       used 114443K, capacity 117321K, committed 117632K, reserved 1150976K
  class space    used 14353K, capacity 15420K, committed 15488K, reserved 1048576K
}
Event: 1087.133 GC heap after
{Heap after GC invocations=72 (full 0):
 garbage-first heap   total 271360K, used 137741K [0x0000000080000000, 0x0000000100000000)
  region size 1024K, 2 young (2048K), 2 survivors (2048K)
 Metaspace       used 114443K, capacity 117321K, committed 117632K, reserved 1150976K
  class space    used 14353K, capacity 15420K, committed 15488K, reserved 1048576K
}
Event: 1087.825 GC heap before
{Heap before GC invocations=72 (full 0):
 garbage-first heap   total 271360K, used 188941K [0x0000000080000000, 0x0000000100000000)
  region size 1024K, 53 young (54272K), 2 survivors (2048K)
 Metaspace       used 116254K, capacity 119178K, committed 119296K, reserved 1153024K
  class space    used 14547K, capacity 15599K, committed 15616K, reserved 1048576K
}
Event: 1087.832 GC heap after
{Heap after GC invocations=73 (full 0):
 garbage-first heap   total 271360K, used 141605K [0x0000000080000000, 0x0000000100000000)
  region size 1024K, 6 young (6144K), 6 survivors (6144K)
 Metaspace       used 116254K, capacity 119178K, committed 119296K, reserved 1153024K
  class space    used 14547K, capacity 15599K, committed 15616K, reserved 1048576K
}
Event: 1088.287 GC heap before
{Heap before GC invocations=73 (full 0):
 garbage-first heap   total 271360K, used 196901K [0x0000000080000000, 0x0000000100000000)
  region size 1024K, 59 young (60416K), 6 survivors (6144K)
 Metaspace       used 117842K, capacity 120890K, committed 121088K, reserved 1155072K
  class space    used 14748K, capacity 15871K, committed 15872K, reserved 1048576K
}
Event: 1088.301 GC heap after
{Heap after GC invocations=74 (full 0):
 garbage-first heap   total 271360K, used 147614K [0x0000000080000000, 0x0000000100000000)
  region size 1024K, 8 young (8192K), 8 survivors (8192K)
 Metaspace       used 117842K, capacity 120890K, committed 121088K, reserved 1155072K
  class space    used 14748K, capacity 15871K, committed 15872K, reserved 1048576K
}
Event: 1088.396 GC heap before
{Heap before GC invocations=74 (full 0):
 garbage-first heap   total 271360K, used 172190K [0x0000000080000000, 0x0000000100000000)
  region size 1024K, 28 young (28672K), 8 survivors (8192K)
 Metaspace       used 117880K, capacity 120895K, committed 121088K, reserved 1155072K
  class space    used 14752K, capacity 15872K, committed 15872K, reserved 1048576K
}
Event: 1088.415 GC heap after
{Heap after GC invocations=75 (full 0):
 garbage-first heap   total 378880K, used 157967K [0x0000000080000000, 0x0000000100000000)
  region size 1024K, 8 young (8192K), 8 survivors (8192K)
 Metaspace       used 117880K, capacity 120895K, committed 121088K, reserved 1155072K
  class space    used 14752K, capacity 15872K, committed 15872K, reserved 1048576K
}
Event: 1090.207 GC heap before
{Heap before GC invocations=76 (full 0):
 garbage-first heap   total 378880K, used 275727K [0x0000000080000000, 0x0000000100000000)
  region size 1024K, 94 young (96256K), 8 survivors (8192K)
 Metaspace       used 121624K, capacity 124782K, committed 125056K, reserved 1157120K
  class space    used 15254K, capacity 16420K, committed 16512K, reserved 1048576K
}
Event: 1090.223 GC heap after
{Heap after GC invocations=77 (full 0):
 garbage-first heap   total 378880K, used 182842K [0x0000000080000000, 0x0000000100000000)
  region size 1024K, 12 young (12288K), 12 survivors (12288K)
 Metaspace       used 121624K, capacity 124782K, committed 125056K, reserved 1157120K
  class space    used 15254K, capacity 16420K, committed 16512K, reserved 1048576K
}
Event: 1090.254 GC heap before
{Heap before GC invocations=77 (full 0):
 garbage-first heap   total 378880K, used 187962K [0x0000000080000000, 0x0000000100000000)
  region size 1024K, 18 young (18432K), 12 survivors (12288K)
 Metaspace       used 121691K, capacity 124849K, committed 125056K, reserved 1157120K
  class space    used 15259K, capacity 16421K, committed 16512K, reserved 1048576K
}
Event: 1090.262 GC heap after
{Heap after GC invocations=78 (full 0):
 garbage-first heap   total 378880K, used 181973K [0x0000000080000000, 0x0000000100000000)
  region size 1024K, 2 young (2048K), 2 survivors (2048K)
 Metaspace       used 121691K, capacity 124849K, committed 125056K, reserved 1157120K
  class space    used 15259K, capacity 16421K, committed 16512K, reserved 1048576K
}
Event: 1090.797 GC heap before
{Heap before GC invocations=78 (full 0):
 garbage-first heap   total 378880K, used 277205K [0x0000000080000000, 0x0000000100000000)
  region size 1024K, 92 young (94208K), 2 survivors (2048K)
 Metaspace       used 124265K, capacity 127573K, committed 127616K, reserved 1159168K
  class space    used 15776K, capacity 16998K, committed 17024K, reserved 1048576K
}
Event: 1090.834 GC heap after
{Heap after GC invocations=79 (full 0):
 garbage-first heap   total 378880K, used 219257K [0x0000000080000000, 0x0000000100000000)
  region size 1024K, 12 young (12288K), 12 survivors (12288K)
 Metaspace       used 124265K, capacity 127573K, committed 127616K, reserved 1159168K
  class space    used 15776K, capacity 16998K, committed 17024K, reserved 1048576K
}
Event: 1091.370 GC heap before
{Heap before GC invocations=79 (full 0):
 garbage-first heap   total 378880K, used 284793K [0x0000000080000000, 0x0000000100000000)
  region size 1024K, 77 young (78848K), 12 survivors (12288K)
 Metaspace       used 126509K, capacity 129891K, committed 130048K, reserved 1161216K
  class space    used 16088K, capacity 17335K, committed 17408K, reserved 1048576K
}
Event: 1091.414 GC heap after
{Heap after GC invocations=80 (full 0):
 garbage-first heap   total 378880K, used 248185K [0x0000000080000000, 0x0000000100000000)
  region size 1024K, 10 young (10240K), 10 survivors (10240K)
 Metaspace       used 126509K, capacity 129891K, committed 130048K, reserved 1161216K
  class space    used 16088K, capacity 17335K, committed 17408K, reserved 1048576K
}
Event: 1091.847 GC heap before
{Heap before GC invocations=80 (full 0):
 garbage-first heap   total 378880K, used 296313K [0x0000000080000000, 0x0000000100000000)
  region size 1024K, 58 young (59392K), 10 survivors (10240K)
 Metaspace       used 127707K, capacity 131320K, committed 131584K, reserved 1163264K
  class space    used 16280K, capacity 17638K, committed 17664K, reserved 1048576K
}

