# JRE version: OpenJDK Runtime Environment (11.0.12+7) (build 11.0.12+7-b1504.28-7817840)
# Java VM: OpenJDK 64-Bit Server VM (11.0.12+7-b1504.28-7817840, mixed mode, tiered, compressed oops, g1 gc, windows-amd64)
Heap:
 garbage-first heap   total 167936K, used 117059K [0x0000000080000000, 0x0000000100000000)
  region size 1024K, 6 young (6144K), 1 survivors (1024K)
 Metaspace       used 111975K, capacity 115059K, committed 115328K, reserved 1148928K
  class space    used 14558K, capacity 15726K, committed 15744K, reserved 1048576K
GC Heap History (20 events):
Event: 517.612 GC heap before
{Heap before GC invocations=43 (full 0):
 garbage-first heap   total 167936K, used 100952K [0x0000000080000000, 0x0000000100000000)
  region size 1024K, 8 young (8192K), 5 survivors (5120K)
 Metaspace       used 110843K, capacity 113852K, committed 114048K, reserved 1146880K
  class space    used 14517K, capacity 15651K, committed 15744K, reserved 1048576K
}
Event: 517.647 GC heap after
{Heap after GC invocations=44 (full 0):
 garbage-first heap   total 167936K, used 95496K [0x0000000080000000, 0x0000000100000000)
  region size 1024K, 1 young (1024K), 1 survivors (1024K)
 Metaspace       used 110843K, capacity 113852K, committed 114048K, reserved 1146880K
  class space    used 14517K, capacity 15651K, committed 15744K, reserved 1048576K
}
Event: 518.143 GC heap before
{Heap before GC invocations=44 (full 0):
 garbage-first heap   total 167936K, used 115976K [0x0000000080000000, 0x0000000100000000)
  region size 1024K, 23 young (23552K), 1 survivors (1024K)
 Metaspace       used 110975K, capacity 114002K, committed 114304K, reserved 1148928K
  class space    used 14519K, capacity 15655K, committed 15744K, reserved 1048576K
}
Event: 518.152 GC heap after
{Heap after GC invocations=45 (full 0):
 garbage-first heap   total 167936K, used 98149K [0x0000000080000000, 0x0000000100000000)
  region size 1024K, 4 young (4096K), 4 survivors (4096K)
 Metaspace       used 110975K, capacity 114002K, committed 114304K, reserved 1148928K
  class space    used 14519K, capacity 15655K, committed 15744K, reserved 1048576K
}
Event: 518.975 GC heap before
{Heap before GC invocations=46 (full 0):
 garbage-first heap   total 167936K, used 136037K [0x0000000080000000, 0x0000000100000000)
  region size 1024K, 41 young (41984K), 4 survivors (4096K)
 Metaspace       used 111176K, capacity 114242K, committed 114560K, reserved 1148928K
  class space    used 14529K, capacity 15674K, committed 15744K, reserved 1048576K
}
Event: 518.980 GC heap after
{Heap after GC invocations=47 (full 0):
 garbage-first heap   total 167936K, used 98246K [0x0000000080000000, 0x0000000100000000)
  region size 1024K, 3 young (3072K), 3 survivors (3072K)
 Metaspace       used 111176K, capacity 114242K, committed 114560K, reserved 1148928K
  class space    used 14529K, capacity 15674K, committed 15744K, reserved 1048576K
}
Event: 519.009 GC heap before
{Heap before GC invocations=47 (full 0):
 garbage-first heap   total 167936K, used 103366K [0x0000000080000000, 0x0000000100000000)
  region size 1024K, 8 young (8192K), 3 survivors (3072K)
 Metaspace       used 111202K, capacity 114243K, committed 114560K, reserved 1148928K
  class space    used 14529K, capacity 15674K, committed 15744K, reserved 1048576K
}
Event: 519.018 GC heap after
{Heap after GC invocations=48 (full 0):
 garbage-first heap   total 167936K, used 89873K [0x0000000080000000, 0x0000000100000000)
  region size 1024K, 1 young (1024K), 1 survivors (1024K)
 Metaspace       used 111202K, capacity 114243K, committed 114560K, reserved 1148928K
  class space    used 14529K, capacity 15674K, committed 15744K, reserved 1048576K
}
Event: 519.144 GC heap before
{Heap before GC invocations=48 (full 0):
 garbage-first heap   total 167936K, used 100113K [0x0000000080000000, 0x0000000100000000)
  region size 1024K, 13 young (13312K), 1 survivors (1024K)
 Metaspace       used 111269K, capacity 114316K, committed 114560K, reserved 1148928K
  class space    used 14530K, capacity 15676K, committed 15744K, reserved 1048576K
}
Event: 519.147 GC heap after
{Heap after GC invocations=49 (full 0):
 garbage-first heap   total 167936K, used 89778K [0x0000000080000000, 0x0000000100000000)
  region size 1024K, 1 young (1024K), 1 survivors (1024K)
 Metaspace       used 111269K, capacity 114316K, committed 114560K, reserved 1148928K
  class space    used 14530K, capacity 15676K, committed 15744K, reserved 1048576K
}
Event: 746.311 GC heap before
{Heap before GC invocations=50 (full 0):
 garbage-first heap   total 167936K, used 154290K [0x0000000080000000, 0x0000000100000000)
  region size 1024K, 45 young (46080K), 1 survivors (1024K)
 Metaspace       used 111564K, capacity 114678K, committed 114816K, reserved 1148928K
  class space    used 14539K, capacity 15693K, committed 15744K, reserved 1048576K
}
Event: 746.349 GC heap after
{Heap after GC invocations=51 (full 0):
 garbage-first heap   total 167936K, used 93800K [0x0000000080000000, 0x0000000100000000)
  region size 1024K, 5 young (5120K), 5 survivors (5120K)
 Metaspace       used 111564K, capacity 114678K, committed 114816K, reserved 1148928K
  class space    used 14539K, capacity 15693K, committed 15744K, reserved 1048576K
}
Event: 746.901 GC heap before
{Heap before GC invocations=51 (full 0):
 garbage-first heap   total 167936K, used 114280K [0x0000000080000000, 0x0000000100000000)
  region size 1024K, 27 young (27648K), 5 survivors (5120K)
 Metaspace       used 111680K, capacity 114757K, committed 114816K, reserved 1148928K
  class space    used 14553K, capacity 15718K, committed 15744K, reserved 1048576K
}
Event: 746.934 GC heap after
{Heap after GC invocations=52 (full 0):
 garbage-first heap   total 167936K, used 96969K [0x0000000080000000, 0x0000000100000000)
  region size 1024K, 4 young (4096K), 4 survivors (4096K)
 Metaspace       used 111680K, capacity 114757K, committed 114816K, reserved 1148928K
  class space    used 14553K, capacity 15718K, committed 15744K, reserved 1048576K
}
Event: 747.826 GC heap before
{Heap before GC invocations=53 (full 0):
 garbage-first heap   total 167936K, used 132809K [0x0000000080000000, 0x0000000100000000)
  region size 1024K, 39 young (39936K), 4 survivors (4096K)
 Metaspace       used 111808K, capacity 114891K, committed 115072K, reserved 1148928K
  class space    used 14554K, capacity 15719K, committed 15744K, reserved 1048576K
}
Event: 747.836 GC heap after
{Heap after GC invocations=54 (full 0):
 garbage-first heap   total 167936K, used 97690K [0x0000000080000000, 0x0000000100000000)
  region size 1024K, 2 young (2048K), 2 survivors (2048K)
 Metaspace       used 111808K, capacity 114891K, committed 115072K, reserved 1148928K
  class space    used 14554K, capacity 15719K, committed 15744K, reserved 1048576K
}
Event: 748.041 GC heap before
{Heap before GC invocations=54 (full 0):
 garbage-first heap   total 167936K, used 103834K [0x0000000080000000, 0x0000000100000000)
  region size 1024K, 8 young (8192K), 2 survivors (2048K)
 Metaspace       used 111839K, capacity 114961K, committed 115072K, reserved 1148928K
  class space    used 14554K, capacity 15719K, committed 15744K, reserved 1048576K
}
Event: 748.061 GC heap after
{Heap after GC invocations=55 (full 0):
 garbage-first heap   total 167936K, used 92370K [0x0000000080000000, 0x0000000100000000)
  region size 1024K, 1 young (1024K), 1 survivors (1024K)
 Metaspace       used 111839K, capacity 114961K, committed 115072K, reserved 1148928K
  class space    used 14554K, capacity 15719K, committed 15744K, reserved 1048576K
}
Event: 748.233 GC heap before
{Heap before GC invocations=55 (full 0):
 garbage-first heap   total 167936K, used 102610K [0x0000000080000000, 0x0000000100000000)
  region size 1024K, 13 young (13312K), 1 survivors (1024K)
 Metaspace       used 111957K, capacity 115053K, committed 115072K, reserved 1148928K
  class space    used 14557K, capacity 15725K, committed 15744K, reserved 1048576K
}
Event: 748.236 GC heap after
{Heap after GC invocations=56 (full 0):
 garbage-first heap   total 167936K, used 92483K [0x0000000080000000, 0x0000000100000000)
  region size 1024K, 1 young (1024K), 1 survivors (1024K)
 Metaspace       used 111957K, capacity 115053K, committed 115072K, reserved 1148928K
  class space    used 14557K, capacity 15725K, committed 15744K, reserved 1048576K
}

